<?xml version="1.0" encoding="UTF-8"?>
<testsuite name="com.barbablanca.mercadotracker.MercadoTrackerApplicationTests" tests="1" skipped="0" failures="0" errors="0" timestamp="2020-03-03T20:02:51" hostname="DESKTOP-TS4SKJI" time="0.152">
  <properties/>
  <testcase name="contextLoads()" classname="com.barbablanca.mercadotracker.MercadoTrackerApplicationTests" time="0.152"/>
  <system-out><![CDATA[17:02:37.541 [Test worker] DEBUG org.springframework.test.context.BootstrapUtils - Instantiating CacheAwareContextLoaderDelegate from class [org.springframework.test.context.cache.DefaultCacheAwareContextLoaderDelegate]
17:02:37.567 [Test worker] DEBUG org.springframework.test.context.BootstrapUtils - Instantiating BootstrapContext using constructor [public org.springframework.test.context.support.DefaultBootstrapContext(java.lang.Class,org.springframework.test.context.CacheAwareContextLoaderDelegate)]
17:02:37.621 [Test worker] DEBUG org.springframework.test.context.BootstrapUtils - Instantiating TestContextBootstrapper for test class [com.barbablanca.mercadotracker.MercadoTrackerApplicationTests] from class [org.springframework.boot.test.context.SpringBootTestContextBootstrapper]
17:02:37.658 [Test worker] INFO org.springframework.boot.test.context.SpringBootTestContextBootstrapper - Neither @ContextConfiguration nor @ContextHierarchy found for test class [com.barbablanca.mercadotracker.MercadoTrackerApplicationTests], using SpringBootContextLoader
17:02:37.664 [Test worker] DEBUG org.springframework.test.context.support.AbstractContextLoader - Did not detect default resource location for test class [com.barbablanca.mercadotracker.MercadoTrackerApplicationTests]: class path resource [com/barbablanca/mercadotracker/MercadoTrackerApplicationTests-context.xml] does not exist
17:02:37.665 [Test worker] DEBUG org.springframework.test.context.support.AbstractContextLoader - Did not detect default resource location for test class [com.barbablanca.mercadotracker.MercadoTrackerApplicationTests]: class path resource [com/barbablanca/mercadotracker/MercadoTrackerApplicationTestsContext.groovy] does not exist
17:02:37.666 [Test worker] INFO org.springframework.test.context.support.AbstractContextLoader - Could not detect default resource locations for test class [com.barbablanca.mercadotracker.MercadoTrackerApplicationTests]: no resource found for suffixes {-context.xml, Context.groovy}.
17:02:37.667 [Test worker] INFO org.springframework.test.context.support.AnnotationConfigContextLoaderUtils - Could not detect default configuration classes for test class [com.barbablanca.mercadotracker.MercadoTrackerApplicationTests]: MercadoTrackerApplicationTests does not declare any static, non-private, non-final, nested classes annotated with @Configuration.
17:02:37.748 [Test worker] DEBUG org.springframework.test.context.support.ActiveProfilesUtils - Could not find an 'annotation declaring class' for annotation type [org.springframework.test.context.ActiveProfiles] and class [com.barbablanca.mercadotracker.MercadoTrackerApplicationTests]
17:02:37.908 [Test worker] DEBUG org.springframework.context.annotation.ClassPathScanningCandidateComponentProvider - Identified candidate component class: file [C:\Users\Jere\Documents\Programacion\mercado-tracker\build\classes\java\main\com\barbablanca\mercadotracker\MercadoTrackerApplication.class]
17:02:37.919 [Test worker] INFO org.springframework.boot.test.context.SpringBootTestContextBootstrapper - Found @SpringBootConfiguration com.barbablanca.mercadotracker.MercadoTrackerApplication for test class com.barbablanca.mercadotracker.MercadoTrackerApplicationTests
17:02:38.152 [Test worker] DEBUG org.springframework.boot.test.context.SpringBootTestContextBootstrapper - @TestExecutionListeners is not present for class [com.barbablanca.mercadotracker.MercadoTrackerApplicationTests]: using defaults.
17:02:38.154 [Test worker] INFO org.springframework.boot.test.context.SpringBootTestContextBootstrapper - Loaded default TestExecutionListener class names from location [META-INF/spring.factories]: [org.springframework.boot.test.autoconfigure.restdocs.RestDocsTestExecutionListener, org.springframework.boot.test.autoconfigure.web.client.MockRestServiceServerResetTestExecutionListener, org.springframework.boot.test.autoconfigure.web.servlet.MockMvcPrintOnlyOnFailureTestExecutionListener, org.springframework.boot.test.autoconfigure.web.servlet.WebDriverTestExecutionListener, org.springframework.boot.test.mock.mockito.MockitoTestExecutionListener, org.springframework.boot.test.mock.mockito.ResetMocksTestExecutionListener, org.springframework.test.context.web.ServletTestExecutionListener, org.springframework.test.context.support.DirtiesContextBeforeModesTestExecutionListener, org.springframework.test.context.support.DependencyInjectionTestExecutionListener, org.springframework.test.context.support.DirtiesContextTestExecutionListener, org.springframework.test.context.transaction.TransactionalTestExecutionListener, org.springframework.test.context.jdbc.SqlScriptsTestExecutionListener, org.springframework.test.context.event.EventPublishingTestExecutionListener]
17:02:38.199 [Test worker] INFO org.springframework.boot.test.context.SpringBootTestContextBootstrapper - Using TestExecutionListeners: [org.springframework.test.context.web.ServletTestExecutionListener@7c9e4073, org.springframework.test.context.support.DirtiesContextBeforeModesTestExecutionListener@6ba292b7, org.springframework.boot.test.mock.mockito.MockitoTestExecutionListener@103e57f2, org.springframework.boot.test.autoconfigure.SpringBootDependencyInjectionTestExecutionListener@208b12fd, org.springframework.test.context.support.DirtiesContextTestExecutionListener@2e984347, org.springframework.test.context.transaction.TransactionalTestExecutionListener@51505b09, org.springframework.test.context.jdbc.SqlScriptsTestExecutionListener@33330716, org.springframework.test.context.event.EventPublishingTestExecutionListener@4bd7e777, org.springframework.boot.test.autoconfigure.restdocs.RestDocsTestExecutionListener@27b90731, org.springframework.boot.test.autoconfigure.web.client.MockRestServiceServerResetTestExecutionListener@746298dc, org.springframework.boot.test.autoconfigure.web.servlet.MockMvcPrintOnlyOnFailureTestExecutionListener@5fc22af1, org.springframework.boot.test.autoconfigure.web.servlet.WebDriverTestExecutionListener@2b5a8221, org.springframework.boot.test.mock.mockito.ResetMocksTestExecutionListener@443598f4]
17:02:38.209 [Test worker] DEBUG org.springframework.test.context.support.AbstractDirtiesContextTestExecutionListener - Before test class: context [DefaultTestContext@35a902f2 testClass = MercadoTrackerApplicationTests, testInstance = [null], testMethod = [null], testException = [null], mergedContextConfiguration = [WebMergedContextConfiguration@2bdb2939 testClass = MercadoTrackerApplicationTests, locations = '{}', classes = '{class com.barbablanca.mercadotracker.MercadoTrackerApplication}', contextInitializerClasses = '[]', activeProfiles = '{}', propertySourceLocations = '{}', propertySourceProperties = '{org.springframework.boot.test.context.SpringBootTestContextBootstrapper=true}', contextCustomizers = set[org.springframework.boot.test.autoconfigure.properties.PropertyMappingContextCustomizer@0, org.springframework.boot.test.autoconfigure.web.servlet.WebDriverContextCustomizerFactory$Customizer@65e167af, org.springframework.boot.test.context.filter.ExcludeFilterContextCustomizer@7c3aae65, org.springframework.boot.test.json.DuplicateJsonObjectContextCustomizerFactory$DuplicateJsonObjectContextCustomizer@78b89af3, org.springframework.boot.test.mock.mockito.MockitoContextCustomizer@0, org.springframework.boot.test.web.client.TestRestTemplateContextCustomizer@373214a3], resourceBasePath = 'src/main/webapp', contextLoader = 'org.springframework.boot.test.context.SpringBootContextLoader', parent = [null]], attributes = map['org.springframework.test.context.web.ServletTestExecutionListener.activateListener' -> true]], class annotated with @DirtiesContext [false] with mode [null].
17:02:38.265 [Test worker] DEBUG org.springframework.test.context.support.TestPropertySourceUtils - Adding inlined properties to environment: {spring.jmx.enabled=false, org.springframework.boot.test.context.SpringBootTestContextBootstrapper=true, server.port=-1}

  .   ____          _            __ _ _
 /\\ / ___'_ __ _ _(_)_ __  __ _ \ \ \ \
( ( )\___ | '_ | '_| | '_ \/ _` | \ \ \ \
 \\/  ___)| |_)| | | | | || (_| |  ) ) ) )
  '  |____| .__|_| |_|_| |_\__, | / / / /
 =========|_|==============|___/=/_/_/_/
 :: Spring Boot ::        (v2.2.4.RELEASE)

2020-03-03 17:02:38.898  INFO 8656 --- [    Test worker] c.b.m.MercadoTrackerApplicationTests     : Starting MercadoTrackerApplicationTests on DESKTOP-TS4SKJI with PID 8656 (started by Jere in C:\Users\Jere\Documents\Programacion\mercado-tracker)
2020-03-03 17:02:38.900  INFO 8656 --- [    Test worker] c.b.m.MercadoTrackerApplicationTests     : No active profile set, falling back to default profiles: default
2020-03-03 17:02:40.854  INFO 8656 --- [    Test worker] .s.d.r.c.RepositoryConfigurationDelegate : Bootstrapping Spring Data JPA repositories in DEFAULT mode.
2020-03-03 17:02:41.036  INFO 8656 --- [    Test worker] .s.d.r.c.RepositoryConfigurationDelegate : Finished Spring Data repository scanning in 159ms. Found 4 JPA repository interfaces.
2020-03-03 17:02:41.892  INFO 8656 --- [    Test worker] trationDelegate$BeanPostProcessorChecker : Bean 'org.springframework.transaction.annotation.ProxyTransactionManagementConfiguration' of type [org.springframework.transaction.annotation.ProxyTransactionManagementConfiguration] is not eligible for getting processed by all BeanPostProcessors (for example: not eligible for auto-proxying)
2020-03-03 17:02:42.618  INFO 8656 --- [    Test worker] o.hibernate.jpa.internal.util.LogHelper  : HHH000204: Processing PersistenceUnitInfo [name: default]
2020-03-03 17:02:42.813  INFO 8656 --- [    Test worker] org.hibernate.Version                    : HHH000412: Hibernate Core {5.4.10.Final}
2020-03-03 17:02:43.104  INFO 8656 --- [    Test worker] o.hibernate.annotations.common.Version   : HCANN000001: Hibernate Commons Annotations {5.1.0.Final}
2020-03-03 17:02:43.359  INFO 8656 --- [    Test worker] com.zaxxer.hikari.HikariDataSource       : HikariPool-1 - Starting...
2020-03-03 17:02:43.634  INFO 8656 --- [    Test worker] com.zaxxer.hikari.HikariDataSource       : HikariPool-1 - Start completed.
2020-03-03 17:02:43.670  INFO 8656 --- [    Test worker] org.hibernate.dialect.Dialect            : HHH000400: Using dialect: org.hibernate.dialect.PostgreSQLDialect
2020-03-03 17:02:45.614  INFO 8656 --- [    Test worker] o.h.e.t.j.p.i.JtaPlatformInitiator       : HHH000490: Using JtaPlatform implementation: [org.hibernate.engine.transaction.jta.platform.internal.NoJtaPlatform]
2020-03-03 17:02:45.626  INFO 8656 --- [    Test worker] j.LocalContainerEntityManagerFactoryBean : Initialized JPA EntityManagerFactory for persistence unit 'default'
2020-03-03 17:02:48.060  WARN 8656 --- [    Test worker] JpaBaseConfiguration$JpaWebConfiguration : spring.jpa.open-in-view is enabled by default. Therefore, database queries may be performed during view rendering. Explicitly configure spring.jpa.open-in-view to disable this warning
2020-03-03 17:02:49.233  INFO 8656 --- [    Test worker] o.s.s.concurrent.ThreadPoolTaskExecutor  : Initializing ExecutorService 'applicationTaskExecutor'
2020-03-03 17:02:49.479  INFO 8656 --- [    Test worker] o.s.b.a.w.s.WelcomePageHandlerMapping    : Adding welcome page: class path resource [static/index.html]
2020-03-03 17:02:50.865  INFO 8656 --- [    Test worker] o.s.s.web.DefaultSecurityFilterChain     : Creating filter chain: any request, [org.springframework.security.web.context.request.async.WebAsyncManagerIntegrationFilter@3efaae20, org.springframework.security.web.context.SecurityContextPersistenceFilter@5ef78aa6, org.springframework.security.web.header.HeaderWriterFilter@55ecc50f, org.springframework.security.web.authentication.logout.LogoutFilter@626c2a4f, com.barbablanca.mercadotracker.security.AuthorizationFilter@1f3ddb5f, org.springframework.security.web.savedrequest.RequestCacheAwareFilter@542d3ea1, org.springframework.security.web.servletapi.SecurityContextHolderAwareRequestFilter@229438de, org.springframework.security.web.authentication.AnonymousAuthenticationFilter@4e20a772, org.springframework.security.web.session.SessionManagementFilter@20aa90f1, org.springframework.security.web.access.ExceptionTranslationFilter@4f9c284a, org.springframework.security.web.access.intercept.FilterSecurityInterceptor@4125159]
2020-03-03 17:02:50.968  INFO 8656 --- [    Test worker] o.s.s.c.ThreadPoolTaskScheduler          : Initializing ExecutorService 'taskScheduler'
2020-03-03 17:02:51.082  INFO 8656 --- [    Test worker] c.b.m.MercadoTrackerApplicationTests     : Started MercadoTrackerApplicationTests in 12.798 seconds (JVM running for 15.942)
]]></system-out>
  <system-err><![CDATA[]]></system-err>
</testsuite>
